unsigned int webpage_len = 122798;
Tue Aug 26 18:54:48 MSK 2014
-----------------------------------
unsigned int webpage_len = 122798;
Tue Aug 26 18:54:50 MSK 2014
-----------------------------------
unsigned int webpage_len = 122749;
Tue Aug 26 20:06:25 MSK 2014
-----------------------------------
unsigned int webpage_len = 121772;
Wed Aug 27 18:18:25 MSK 2014
-----------------------------------
unsigned int webpage_len = 121772;
Wed Aug 27 18:18:55 MSK 2014
-----------------------------------
unsigned int webpage_len = 121745;
Wed Aug 27 18:20:30 MSK 2014
-----------------------------------
unsigned int webpage_len = 121745;
Wed Aug 27 18:22:48 MSK 2014
-----------------------------------
unsigned int webpage_len = 121745;
434469 ../web-interface/build/index.min.html
Wed Aug 27 18:26:39 MSK 2014
-----------------------------------
unsigned int webpage_len = 115365;
416573 ../web-interface/build/index.min.html
Wed Aug 27 18:27:36 MSK 2014
-----------------------------------
unsigned int webpage_len = 115365;
416573 ../web-interface/build/index.min.html
Wed Aug 27 18:27:40 MSK 2014
-----------------------------------
unsigned int webpage_len = 109566;
399919 ../web-interface/build/index.min.html
Wed Aug 27 18:31:27 MSK 2014
-----------------------------------
unsigned int webpage_len = 113888;
411846 ../web-interface/build/index.min.html
Wed Aug 27 18:33:55 MSK 2014
-----------------------------------
unsigned int webpage_len = 113931;
412053 ../web-interface/build/index.min.html
Wed Aug 27 18:36:03 MSK 2014
-----------------------------------
unsigned int webpage_len = 113931;
412053 ../web-interface/build/index.min.html
Wed Aug 27 18:36:20 MSK 2014
-----------------------------------
unsigned int webpage_len = 113919;
412024 ../web-interface/build/index.min.html
Wed Aug 27 18:38:15 MSK 2014
-----------------------------------
unsigned int webpage_len = 113770;
411720 ../web-interface/build/index.min.html
Wed Aug 27 21:43:35 MSK 2014
-----------------------------------
unsigned int webpage_len = 113766;
411705 ../web-interface/build/index.min.html
Wed Aug 27 21:55:37 MSK 2014
-----------------------------------
static const unsigned int webpage_len = 113766;
411705 ../web-interface/build/index.min.html
Fri Sep  5 15:41:16 MSK 2014
-----------------------------------
static const unsigned int webpage_len = 114078;
412767 ../web-interface/build/index.min.html
Sun Sep 14 13:41:38 MSK 2014
-----------------------------------
static const unsigned int webpage_len = 114077;
412766 ../web-interface/build/index.min.html
Sun Sep 14 13:42:17 MSK 2014
-----------------------------------
